(node:31428) Warning: Accessing non-existent property 'count' of module exports inside circular dependency
(Use `node --trace-warnings ...` to show where the warning was created)
(node:31428) Warning: Accessing non-existent property 'findOne' of module exports inside circular dependency
(node:31428) Warning: Accessing non-existent property 'remove' of module exports inside circular dependency
(node:31428) Warning: Accessing non-existent property 'updateOne' of module exports inside circular dependency
info [07 Jun 21 09:29:51 +08:00] configuration loaded from /adapt_authoring/conf/config.json
info [07 Jun 21 09:29:51 +08:00] Supporting the following authentication types:
info [07 Jun 21 09:29:51 +08:00] - local
info [07 Jun 21 09:29:51 +08:00] Connection established: adapt-tenant-master
info [07 Jun 21 09:29:53 +08:00] Adapt authoring tool 0.10.5.
info [07 Jun 21 09:29:53 +08:00] Adapt framework v4.2.0 (v4.5.0 is now available).
info [07 Jun 21 09:29:53 +08:00] Run node upgrade.js to update your install.
info [07 Jun 21 09:29:53 +08:00] Server started listening on port 5000
(node:32745) Warning: Accessing non-existent property 'count' of module exports inside circular dependency
(Use `node --trace-warnings ...` to show where the warning was created)
(node:32745) Warning: Accessing non-existent property 'findOne' of module exports inside circular dependency
(node:32745) Warning: Accessing non-existent property 'remove' of module exports inside circular dependency
(node:32745) Warning: Accessing non-existent property 'updateOne' of module exports inside circular dependency
info [07 Jun 21 14:51:33 +08:00] configuration loaded from /adapt_authoring/conf/config.json
info [07 Jun 21 14:51:33 +08:00] Supporting the following authentication types:
info [07 Jun 21 14:51:33 +08:00] - local
info [07 Jun 21 14:51:33 +08:00] Connection established: adapt-tenant-master
info [07 Jun 21 14:51:35 +08:00] Adapt authoring tool 0.10.5.
info [07 Jun 21 14:51:35 +08:00] Adapt framework v4.2.0 (v4.5.0 is now available).
info [07 Jun 21 14:51:35 +08:00] Run node upgrade.js to update your install.
info [07 Jun 21 14:51:35 +08:00] Server started listening on port 5000
(node:16580) Warning: Accessing non-existent property 'count' of module exports inside circular dependency
(Use `node --trace-warnings ...` to show where the warning was created)
(node:16580) Warning: Accessing non-existent property 'findOne' of module exports inside circular dependency
(node:16580) Warning: Accessing non-existent property 'remove' of module exports inside circular dependency
(node:16580) Warning: Accessing non-existent property 'updateOne' of module exports inside circular dependency
info [10 Jun 21 10:44:27 +08:00] configuration loaded from /adapt_authoring/conf/config.json
info [10 Jun 21 10:44:27 +08:00] Supporting the following authentication types:
info [10 Jun 21 10:44:27 +08:00] - local
info [10 Jun 21 10:44:27 +08:00] Connection established: adapt-tenant-master
info [10 Jun 21 10:44:29 +08:00] Adapt authoring tool 0.10.5.
info [10 Jun 21 10:44:29 +08:00] Adapt framework v4.2.0 (v4.5.0 is now available).
info [10 Jun 21 10:44:29 +08:00] Run node upgrade.js to update your install.
info [10 Jun 21 10:44:29 +08:00] Server started listening on port 5000
info [11 Jun 21 10:38:24 +08:00] Event:rebuildCourse triggered for Tenant: 60bcdb0487d9436d6c97f725 Course: 60c2cc9fa9e97c40c4a0aabb
info [11 Jun 21 10:38:47 +08:00] Event:rebuildCourse triggered for Tenant: 60bcdb0487d9436d6c97f725 Course: 60c2cc9fa9e97c40c4a0aabb
info [11 Jun 21 11:55:55 +08:00] Event:rebuildCourse triggered for Tenant: 60bcdb0487d9436d6c97f725 Course: 60c2decba9e97c40c4a0aac2
info [11 Jun 21 11:56:04 +08:00] Retrieving JSON
error [11 Jun 21 11:56:04 +08:00] ENOENT: no such file or directory, open '/adapt_authoring/temp/60bcdb0487d9436d6c97f725/adapt_framework/src/menu/adapt-contrib-boxmenu/bower.json'
error [11 Jun 21 11:56:04 +08:00] ENOENT: no such file or directory, open '/adapt_authoring/temp/60bcdb0487d9436d6c97f725/adapt_framework/src/menu/adapt-contrib-boxmenu/bower.json'
TypeError: Cannot create property 'Symbol(level)' on string 'info'
    at DerivedLogger.log (/adapt_authoring/node_modules/winston/lib/winston/logger.js:208:20)
    at Log.log (/adapt_authoring/lib/logger.js:93:19)
    at /adapt_authoring/lib/outputmanager.js:279:16
    at wrapper (/adapt_authoring/node_modules/async/dist/async.js:273:20)
    at next (/adapt_authoring/node_modules/async/dist/async.js:4585:24)
    at /adapt_authoring/node_modules/async/dist/async.js:326:20
    at /adapt_authoring/lib/outputmanager.js:271:20
    at /adapt_authoring/lib/outputmanager.js:334:14
    at wrapper (/adapt_authoring/node_modules/async/dist/async.js:273:20)
    at iterateeCallback (/adapt_authoring/node_modules/async/dist/async.js:418:21)
    at /adapt_authoring/node_modules/async/dist/async.js:326:20
    at ReadFileContext.<anonymous> (/adapt_authoring/lib/outputmanager.js:384:20)
    at ReadFileContext.callback (/adapt_authoring/node_modules/graceful-fs/graceful-fs.js:115:16)
    at FSReqCallback.readFileAfterOpen [as oncomplete] (fs.js:282:13)
    at FSReqCallback.callbackTrampoline (internal/async_hooks.js:134:14)
info [11 Jun 21 11:56:12 +08:00] Retrieving JSON
error [11 Jun 21 11:56:12 +08:00] ENOENT: no such file or directory, open '/adapt_authoring/temp/60bcdb0487d9436d6c97f725/adapt_framework/src/menu/adapt-contrib-boxmenu/bower.json'
error [11 Jun 21 11:56:12 +08:00] ENOENT: no such file or directory, open '/adapt_authoring/temp/60bcdb0487d9436d6c97f725/adapt_framework/src/menu/adapt-contrib-boxmenu/bower.json'
TypeError: Cannot create property 'Symbol(level)' on string 'info'
    at DerivedLogger.log (/adapt_authoring/node_modules/winston/lib/winston/logger.js:208:20)
    at Log.log (/adapt_authoring/lib/logger.js:93:19)
    at /adapt_authoring/lib/outputmanager.js:279:16
    at wrapper (/adapt_authoring/node_modules/async/dist/async.js:273:20)
    at next (/adapt_authoring/node_modules/async/dist/async.js:4585:24)
    at /adapt_authoring/node_modules/async/dist/async.js:326:20
    at /adapt_authoring/lib/outputmanager.js:271:20
    at /adapt_authoring/lib/outputmanager.js:334:14
    at wrapper (/adapt_authoring/node_modules/async/dist/async.js:273:20)
    at iterateeCallback (/adapt_authoring/node_modules/async/dist/async.js:418:21)
    at /adapt_authoring/node_modules/async/dist/async.js:326:20
    at ReadFileContext.<anonymous> (/adapt_authoring/lib/outputmanager.js:384:20)
    at ReadFileContext.callback (/adapt_authoring/node_modules/graceful-fs/graceful-fs.js:115:16)
    at FSReqCallback.readFileAfterOpen [as oncomplete] (fs.js:282:13)
    at FSReqCallback.callbackTrampoline (internal/async_hooks.js:134:14)
